<?xml version="1.0" encoding="UTF-8"?>
<!-- Generated by org.testng.reporters.JUnitReportReporter -->
<testsuite hostname="LAPTOP-E956GLFD" failures="0" tests="2" name="Sample_TestNg" time="0.014" errors="0" timestamp="2021-08-20T06:35:29 IST" skipped="0">
  <testcase classname="Sample_TestNg" name="test2" time="0.002"/>
  <system-out/>
  <testcase classname="Sample_TestNg" name="test1" time="0.012"/>
  <system-out/>
</testsuite> <!-- Sample_TestNg -->
