<?xml version="1.0" encoding="UTF-8"?>
<!-- Generated by org.testng.reporters.JUnitReportReporter -->
<testsuite hostname="LAPTOP-E956GLFD" failures="0" tests="4" name="Before_Testng_Method" time="0.018" errors="0" timestamp="2021-08-20T06:47:35 IST" skipped="0">
  <testcase classname="Before_Testng_Method" name="test3" time="0.004"/>
  <system-out/>
  <testcase classname="Before_Testng_Method" name="test4" time="0.002"/>
  <system-out/>
  <testcase classname="Before_Testng_Method" name="test1" time="0.011"/>
  <system-out/>
  <testcase classname="Before_Testng_Method" name="test2" time="0.001"/>
  <system-out/>
</testsuite> <!-- Before_Testng_Method -->
