<?xml version="1.0" encoding="UTF-8"?>
<!-- Generated by org.testng.reporters.JUnitReportReporter -->
<testsuite hostname="LAPTOP-E956GLFD" failures="0" tests="2" name="TestNg_Annotations" time="0.008" errors="0" timestamp="2021-08-20T07:05:35 IST" skipped="0">
  <testcase classname="TestNg_Annotations" name="testCase1" time="0.006"/>
  <system-out/>
  <testcase classname="TestNg_Annotations" name="testCase2" time="0.002"/>
  <system-out/>
</testsuite> <!-- TestNg_Annotations -->
