<?xml version="1.0" encoding="UTF-8"?>
<!-- Generated by org.testng.reporters.JUnitReportReporter -->
<testsuite hostname="LAPTOP-E956GLFD" failures="0" tests="1" name="Sample_testng_methods" time="0.010" errors="0" timestamp="2021-08-19T21:34:42 IST" skipped="0">
  <testcase classname="Sample_testng_methods" name="test" time="0.010"/>
  <system-out/>
</testsuite> <!-- Sample_testng_methods -->
