<?xml version="1.0" encoding="UTF-8"?>
<!-- Generated by org.testng.reporters.JUnitReportReporter -->
<testsuite hostname="LAPTOP-E956GLFD" failures="0" tests="4" name="Before_Class_Method" time="0.012" errors="0" timestamp="2021-08-20T06:51:43 IST" skipped="0">
  <testcase classname="Before_Class_Method" name="test3" time="0.003"/>
  <system-out/>
  <testcase classname="Before_Class_Method" name="test4" time="0.002"/>
  <system-out/>
  <testcase classname="Before_Class_Method" name="test2" time="0.001"/>
  <system-out/>
  <testcase classname="Before_Class_Method" name="test1" time="0.006"/>
  <system-out/>
</testsuite> <!-- Before_Class_Method -->
