<?xml version="1.0" encoding="UTF-8"?>
<!-- Generated by org.testng.reporters.JUnitReportReporter -->
<testsuite hostname="LAPTOP-E956GLFD" failures="0" tests="3" name="Priority_Methods" time="0.015" errors="0" timestamp="2021-08-20T07:02:08 IST" skipped="0">
  <testcase classname="Priority_Methods" name="composeTest" time="0.012"/>
  <system-out/>
  <testcase classname="Priority_Methods" name="inbox" time="0.002"/>
  <system-out/>
  <testcase classname="Priority_Methods" name="LogOut" time="0.001"/>
  <system-out/>
</testsuite> <!-- Priority_Methods -->
