<?xml version="1.0" encoding="UTF-8"?>
<!-- Generated by org.testng.reporters.JUnitReportReporter -->
<testsuite hostname="LAPTOP-E956GLFD" failures="0" tests="1" name="Logout_Test" time="9.121" errors="0" timestamp="2021-10-21T20:26:43 IST" skipped="0">
  <testcase classname="Logout_Test" name="logout" time="9.121"/>
  <system-out/>
</testsuite> <!-- Logout_Test -->
