<?xml version="1.0" encoding="UTF-8"?>
<!-- Generated by org.testng.reporters.JUnitReportReporter -->
<testsuite hostname="LAPTOP-E956GLFD" failures="0" tests="1" name="AddToCart_Test" time="8.970" errors="0" timestamp="2021-10-21T20:26:43 IST" skipped="0">
  <testcase classname="AddToCart_Test" name="addToCart" time="8.970"/>
  <system-out/>
</testsuite> <!-- AddToCart_Test -->
