<?xml version="1.0" encoding="UTF-8"?>
<!-- Generated by org.testng.reporters.JUnitReportReporter -->
<testsuite hostname="LAPTOP-E956GLFD" failures="0" tests="4" name="Annotation_Examples" time="0.018" errors="0" timestamp="2021-10-21T20:11:02 IST" skipped="0">
  <testcase classname="Annotation_Examples" name="test2" time="0.006"/>
  <system-out/>
  <testcase classname="Annotation_Examples" name="test4" time="0.001"/>
  <system-out/>
  <testcase classname="Annotation_Examples" name="test1" time="0.009"/>
  <system-out/>
  <testcase classname="Annotation_Examples" name="test3" time="0.002"/>
  <system-out/>
</testsuite> <!-- Annotation_Examples -->
