<?xml version="1.0" encoding="UTF-8"?>
<!-- Generated by org.testng.reporters.JUnitReportReporter -->
<testsuite hostname="LAPTOP-E956GLFD" failures="0" tests="1" name="com.sauce.tests.OrderTest" time="16.089" errors="0" timestamp="2021-11-01T20:44:47 IST" skipped="0">
  <testcase classname="com.sauce.tests.OrderTest" name="OrderTest" time="16.089"/>
  <system-out/>
</testsuite> <!-- com.sauce.tests.OrderTest -->
