<?xml version="1.0" encoding="UTF-8"?>
<!-- Generated by org.testng.reporters.JUnitReportReporter -->
<testsuite hostname="LAPTOP-E956GLFD" failures="0" tests="2" name="LoginTest" time="14.903" errors="0" timestamp="2021-11-01T20:16:02 IST" skipped="0">
  <testcase classname="LoginTest" name="Invalid_Logintest" time="8.388"/>
  <system-out/>
  <testcase classname="LoginTest" name="Valid_Logintest" time="6.515"/>
  <system-out/>
</testsuite> <!-- LoginTest -->
