<?xml version="1.0" encoding="UTF-8"?>
<!-- Generated by org.testng.reporters.JUnitReportReporter -->
<testsuite skipped="0" hostname="LAPTOP-E956GLFD" name="LoginTest" tests="1" failures="0" timestamp="2021-10-23T20:46:13 IST" time="24.836" errors="0">
  <testcase name="logintest" time="24.836" classname="LoginTest"/>
  <system-out/>
</testsuite> <!-- LoginTest -->
