<?xml version="1.0" encoding="UTF-8"?>
<!-- Generated by org.testng.reporters.JUnitReportReporter -->
<testsuite skipped="0" hostname="LAPTOP-E956GLFD" name="AddToCartTest" tests="1" failures="0" timestamp="2021-10-23T20:46:13 IST" time="11.275" errors="0">
  <testcase name="addTocart" time="11.275" classname="AddToCartTest"/>
  <system-out/>
</testsuite> <!-- AddToCartTest -->
