<?xml version="1.0" encoding="UTF-8"?>
<!-- Generated by org.testng.reporters.JUnitReportReporter -->
<testsuite hostname="LAPTOP-E956GLFD" failures="0" tests="1" name="LoginTest" time="27.199" errors="0" timestamp="2021-10-23T20:25:58 IST" skipped="0">
  <testcase classname="LoginTest" name="logintest" time="27.199"/>
  <system-out/>
</testsuite> <!-- LoginTest -->
